[debug] [2023-09-22T06:02:48.332Z] ----------------------------------------------------------------------
[debug] [2023-09-22T06:02:48.335Z] Command:       C:\Program Files\nodejs\node.exe C:\Users\tadas\AppData\Roaming\npm\node_modules\firebase-tools\lib\bin\firebase.js init
[debug] [2023-09-22T06:02:48.336Z] CLI Version:   12.5.4
[debug] [2023-09-22T06:02:48.336Z] Platform:      win32
[debug] [2023-09-22T06:02:48.336Z] Node Version:  v16.16.0
[debug] [2023-09-22T06:02:48.345Z] Time:          Fri Sep 22 2023 09:02:48 GMT+0300 (Eastern European Summer Time)
[debug] [2023-09-22T06:02:48.346Z] ----------------------------------------------------------------------
[debug] 
[debug] [2023-09-22T06:02:48.359Z] > command requires scopes: ["email","openid","https://www.googleapis.com/auth/cloudplatformprojects.readonly","https://www.googleapis.com/auth/firebase","https://www.googleapis.com/auth/cloud-platform"]
[debug] [2023-09-22T06:02:48.360Z] > authorizing via signed-in user (tadastadas81@gmail.com)
[info] 
     ######## #### ########  ######## ########     ###     ######  ########
     ##        ##  ##     ## ##       ##     ##  ##   ##  ##       ##
     ######    ##  ########  ######   ########  #########  ######  ######
     ##        ##  ##    ##  ##       ##     ## ##     ##       ## ##
     ##       #### ##     ## ######## ########  ##     ##  ######  ########

You're about to initialize a Firebase project in this directory:

  C:\Users\tadas\Desktop\Coding\ChatAssigment\nextchatapp

[info] 
=== Project Setup
[info] 
[info] First, let's associate this project directory with a Firebase project.
[info] You can create multiple project aliases by running firebase use --add, 
[info] but for now we'll just set up a default project.
[info] 
[debug] [2023-09-22T06:03:14.780Z] ----------------------------------------------------------------------
[debug] [2023-09-22T06:03:14.783Z] Command:       C:\Program Files\nodejs\node.exe C:\Users\tadas\AppData\Roaming\npm\node_modules\firebase-tools\lib\bin\firebase.js init
[debug] [2023-09-22T06:03:14.783Z] CLI Version:   12.5.4
[debug] [2023-09-22T06:03:14.784Z] Platform:      win32
[debug] [2023-09-22T06:03:14.784Z] Node Version:  v16.16.0
[debug] [2023-09-22T06:03:14.785Z] Time:          Fri Sep 22 2023 09:03:14 GMT+0300 (Eastern European Summer Time)
[debug] [2023-09-22T06:03:14.786Z] ----------------------------------------------------------------------
[debug] 
[debug] [2023-09-22T06:03:14.800Z] > command requires scopes: ["email","openid","https://www.googleapis.com/auth/cloudplatformprojects.readonly","https://www.googleapis.com/auth/firebase","https://www.googleapis.com/auth/cloud-platform"]
[debug] [2023-09-22T06:03:14.801Z] > authorizing via signed-in user (tadastadas81@gmail.com)
[info] 
     ######## #### ########  ######## ########     ###     ######  ########
     ##        ##  ##     ## ##       ##     ##  ##   ##  ##       ##
     ######    ##  ########  ######   ########  #########  ######  ######
     ##        ##  ##    ##  ##       ##     ## ##     ##       ## ##
     ##       #### ##     ## ######## ########  ##     ##  ######  ########

You're about to initialize a Firebase project in this directory:

  C:\Users\tadas\Desktop\Coding\ChatAssigment\nextchatapp

[info] 
=== Project Setup
[info] 
[info] First, let's associate this project directory with a Firebase project.
[info] You can create multiple project aliases by running firebase use --add, 
[info] but for now we'll just set up a default project.
[info] 
[debug] [2023-09-22T06:03:46.140Z] >>> [apiv2][query] GET https://firebase.googleapis.com/v1beta1/projects pageSize=100
[debug] [2023-09-22T06:03:46.854Z] <<< [apiv2][status] GET https://firebase.googleapis.com/v1beta1/projects 200
[debug] [2023-09-22T06:03:46.854Z] <<< [apiv2][body] GET https://firebase.googleapis.com/v1beta1/projects [omitted]
[info] i  Using project chatapp-7e034 (ChatApp) 
[info] 
=== Firestore Setup
[debug] [2023-09-22T06:03:48.113Z] >>> [apiv2][query] GET https://serviceusage.googleapis.com/v1/projects/chatapp-7e034/services/firestore.googleapis.com [none]
[debug] [2023-09-22T06:03:48.114Z] >>> [apiv2][(partial)header] GET https://serviceusage.googleapis.com/v1/projects/chatapp-7e034/services/firestore.googleapis.com x-goog-quota-user=projects/chatapp-7e034
[debug] [2023-09-22T06:03:49.092Z] <<< [apiv2][status] GET https://serviceusage.googleapis.com/v1/projects/chatapp-7e034/services/firestore.googleapis.com 200
[debug] [2023-09-22T06:03:49.092Z] <<< [apiv2][body] GET https://serviceusage.googleapis.com/v1/projects/chatapp-7e034/services/firestore.googleapis.com [omitted]
[debug] [2023-09-22T06:03:49.093Z] >>> [apiv2][query] GET https://firestore.googleapis.com/v1/projects/chatapp-7e034/databases/(default) [none]
[debug] [2023-09-22T06:03:49.311Z] <<< [apiv2][status] GET https://firestore.googleapis.com/v1/projects/chatapp-7e034/databases/(default) 200
[debug] [2023-09-22T06:03:49.311Z] <<< [apiv2][body] GET https://firestore.googleapis.com/v1/projects/chatapp-7e034/databases/(default) {"name":"projects/chatapp-7e034/databases/(default)","uid":"81d572d9-abb0-4108-a39a-24402eedaac1","createTime":"2023-09-16T13:41:10.203698Z","updateTime":"2023-09-16T13:41:10.203698Z","locationId":"eur3","type":"FIRESTORE_NATIVE","concurrencyMode":"PESSIMISTIC","versionRetentionPeriod":"3600s","earliestVersionTime":"2023-09-22T05:03:47.368166Z","appEngineIntegrationMode":"DISABLED","keyPrefix":"e","pointInTimeRecoveryEnablement":"POINT_IN_TIME_RECOVERY_DISABLED","deleteProtectionState":"DELETE_PROTECTION_DISABLED","etag":"IOfkrfnFvYEDMIPN65Khr4ED"}
[debug] [2023-09-22T06:03:49.311Z] database_type: FIRESTORE_NATIVE
[debug] [2023-09-22T06:03:49.312Z] > command requires scopes: ["email","openid","https://www.googleapis.com/auth/cloudplatformprojects.readonly","https://www.googleapis.com/auth/firebase","https://www.googleapis.com/auth/cloud-platform"]
[debug] [2023-09-22T06:03:49.312Z] > authorizing via signed-in user (tadastadas81@gmail.com)
[debug] [2023-09-22T06:03:49.312Z] [iam] checking project chatapp-7e034 for permissions ["firebase.projects.get"]
[debug] [2023-09-22T06:03:49.313Z] >>> [apiv2][query] POST https://cloudresourcemanager.googleapis.com/v1/projects/chatapp-7e034:testIamPermissions [none]
[debug] [2023-09-22T06:03:49.313Z] >>> [apiv2][(partial)header] POST https://cloudresourcemanager.googleapis.com/v1/projects/chatapp-7e034:testIamPermissions x-goog-quota-user=projects/chatapp-7e034
[debug] [2023-09-22T06:03:49.313Z] >>> [apiv2][body] POST https://cloudresourcemanager.googleapis.com/v1/projects/chatapp-7e034:testIamPermissions {"permissions":["firebase.projects.get"]}
[debug] [2023-09-22T06:03:50.148Z] <<< [apiv2][status] POST https://cloudresourcemanager.googleapis.com/v1/projects/chatapp-7e034:testIamPermissions 200
[debug] [2023-09-22T06:03:50.148Z] <<< [apiv2][body] POST https://cloudresourcemanager.googleapis.com/v1/projects/chatapp-7e034:testIamPermissions {"permissions":["firebase.projects.get"]}
[info] 
[info] Firestore Security Rules allow you to define how and when to allow
[info] requests. You can keep these rules in your project directory
[info] and publish them with firebase deploy.
[info] 
[debug] [2023-09-22T06:09:27.095Z] >>> [apiv2][query] GET https://firebaserules.googleapis.com/v1/projects/chatapp-7e034/releases pageSize=10&pageToken=
[debug] [2023-09-22T06:09:28.031Z] <<< [apiv2][status] GET https://firebaserules.googleapis.com/v1/projects/chatapp-7e034/releases 200
[debug] [2023-09-22T06:09:28.031Z] <<< [apiv2][body] GET https://firebaserules.googleapis.com/v1/projects/chatapp-7e034/releases {"releases":[{"name":"projects/chatapp-7e034/releases/cloud.firestore","rulesetName":"projects/chatapp-7e034/rulesets/5da2fef2-79d0-4559-b8a5-aa7ad18dc445","createTime":"2023-09-16T13:41:17.099538Z","updateTime":"2023-09-22T05:52:35.910926Z"}]}
[debug] [2023-09-22T06:09:28.031Z] Found ruleset: projects/chatapp-7e034/rulesets/5da2fef2-79d0-4559-b8a5-aa7ad18dc445
[debug] [2023-09-22T06:09:28.032Z] >>> [apiv2][query] GET https://firebaserules.googleapis.com/v1/projects/chatapp-7e034/rulesets/5da2fef2-79d0-4559-b8a5-aa7ad18dc445 [none]
[debug] [2023-09-22T06:09:28.895Z] <<< [apiv2][status] GET https://firebaserules.googleapis.com/v1/projects/chatapp-7e034/rulesets/5da2fef2-79d0-4559-b8a5-aa7ad18dc445 200
[debug] [2023-09-22T06:09:28.895Z] <<< [apiv2][body] GET https://firebaserules.googleapis.com/v1/projects/chatapp-7e034/rulesets/5da2fef2-79d0-4559-b8a5-aa7ad18dc445 [omitted]
[info] 
[info] Firestore indexes allow you to perform complex queries while
[info] maintaining performance that scales with the size of the result
[info] set. You can keep index definitions in your project directory
[info] and publish them with firebase deploy.
[info] 
[debug] [2023-09-22T06:09:30.467Z] >>> [apiv2][query] GET https://firestore.googleapis.com/v1/projects/chatapp-7e034/databases/(default)/collectionGroups/-/indexes [none]
[debug] [2023-09-22T06:09:30.469Z] >>> [apiv2][query] GET https://firestore.googleapis.com/v1/projects/chatapp-7e034/databases/(default)/collectionGroups/-/fields?filter=indexConfig.usesAncestorConfig=false OR ttlConfig:* [none]
[debug] [2023-09-22T06:09:30.706Z] <<< [apiv2][status] GET https://firestore.googleapis.com/v1/projects/chatapp-7e034/databases/(default)/collectionGroups/-/indexes 200
[debug] [2023-09-22T06:09:30.706Z] <<< [apiv2][body] GET https://firestore.googleapis.com/v1/projects/chatapp-7e034/databases/(default)/collectionGroups/-/indexes {}
[debug] [2023-09-22T06:09:30.716Z] <<< [apiv2][status] GET https://firestore.googleapis.com/v1/projects/chatapp-7e034/databases/(default)/collectionGroups/-/fields?filter=indexConfig.usesAncestorConfig=false OR ttlConfig:* 200
[debug] [2023-09-22T06:09:30.716Z] <<< [apiv2][body] GET https://firestore.googleapis.com/v1/projects/chatapp-7e034/databases/(default)/collectionGroups/-/fields?filter=indexConfig.usesAncestorConfig=false OR ttlConfig:* {"fields":[{"name":"projects/chatapp-7e034/databases/(default)/collectionGroups/__default__/fields/*","indexConfig":{"indexes":[{"queryScope":"COLLECTION","fields":[{"fieldPath":"*","order":"ASCENDING"}],"state":"READY"},{"queryScope":"COLLECTION","fields":[{"fieldPath":"*","order":"DESCENDING"}],"state":"READY"},{"queryScope":"COLLECTION","fields":[{"fieldPath":"*","arrayConfig":"CONTAINS"}],"state":"READY"}]}}]}
[info] 
=== Hosting Setup
[info] 
[info] Your public directory is the folder (relative to your project directory) that
[info] will contain Hosting assets to be uploaded with firebase deploy. If you
[info] have a build process for your assets, use your build's output directory.
[info] 
